TN:
SF:App.tsx
FN:15,(anonymous_0)
FN:22,(anonymous_1)
FNF:2
FNH:1
FNDA:21,(anonymous_0)
FNDA:0,(anonymous_1)
DA:14,2
DA:15,2
DA:16,21
DA:22,2
DA:23,0
LF:5
LH:4
BRDA:18,0,0,0
BRDA:18,0,1,21
BRF:2
BRH:1
end_of_record
TN:
SF:src/constant.tsx
FNF:0
FNH:0
DA:3,4
DA:4,4
DA:24,4
LF:3
LH:3
BRF:0
BRH:0
end_of_record
TN:
SF:src/store.tsx
FNF:0
FNH:0
DA:6,3
DA:7,3
DA:9,3
DA:14,3
LF:4
LH:4
BRF:0
BRH:0
end_of_record
TN:
SF:src/reducer/index.reducer.tsx
FNF:0
FNH:0
DA:4,3
LF:1
LH:1
BRF:0
BRH:0
end_of_record
TN:
SF:src/reducer/movie.reducer.tsx
FN:19,(anonymous_0)
FN:22,(anonymous_1)
FNF:2
FNH:2
FNDA:18,(anonymous_0)
FNDA:7,(anonymous_1)
DA:10,4
DA:15,4
DA:20,18
DA:23,7
DA:28,4
LF:5
LH:5
BRF:0
BRH:0
end_of_record
TN:
SF:src/saga/index.saga.tsx
FN:4,rootSaga
FNF:1
FNH:1
FNDA:3,rootSaga
DA:5,3
LF:1
LH:1
BRF:0
BRH:0
end_of_record
TN:
SF:src/saga/movie.saga.tsx
FN:8,getMovieList
FN:19,(anonymous_1)
FN:24,(anonymous_2)
FN:45,(anonymous_3)
FN:51,getMovieDetail
FN:53,(anonymous_5)
FN:69,MovieSaga
FNF:7
FNH:6
FNDA:6,getMovieList
FNDA:6,(anonymous_1)
FNDA:6,(anonymous_2)
FNDA:0,(anonymous_3)
FNDA:1,getMovieDetail
FNDA:1,(anonymous_5)
FNDA:3,MovieSaga
DA:11,6
DA:13,6
DA:14,6
DA:15,6
DA:18,6
DA:19,6
DA:22,6
DA:24,6
DA:25,6
DA:34,0
DA:44,0
DA:45,0
DA:47,0
DA:52,1
DA:53,1
DA:54,1
DA:63,1
DA:70,3
DA:71,3
DA:74,4
DA:80,4
LF:21
LH:17
BRDA:14,0,0,6
BRDA:14,0,1,0
BRDA:38,1,0,0
BRDA:38,1,1,0
BRF:4
BRH:1
end_of_record
TN:
SF:src/screen/Book.tsx
FN:5,(anonymous_0)
FNF:1
FNH:1
FNDA:1,(anonymous_0)
DA:5,3
DA:6,1
DA:21,3
LF:3
LH:3
BRF:0
BRH:0
end_of_record
TN:
SF:src/screen/Detail.tsx
FN:17,(anonymous_0)
FN:20,(anonymous_1)
FN:49,(anonymous_2)
FN:60,(anonymous_3)
FNF:4
FNH:4
FNDA:6,(anonymous_0)
FNDA:12,(anonymous_1)
FNDA:24,(anonymous_2)
FNDA:1,(anonymous_3)
DA:17,2
DA:18,6
DA:20,12
DA:22,6
DA:27,6
DA:50,24
DA:61,1
DA:69,2
LF:8
LH:8
BRDA:37,0,0,5
BRDA:37,0,1,1
BRDA:37,1,0,6
BRDA:37,1,1,2
BRDA:40,2,0,5
BRDA:40,2,1,1
BRF:6
BRH:6
end_of_record
TN:
SF:src/screen/Home.tsx
FN:24,(anonymous_0)
FN:32,(anonymous_1)
FN:41,(anonymous_2)
FN:47,(anonymous_3)
FN:51,(anonymous_4)
FN:62,(anonymous_5)
FN:90,(anonymous_6)
FN:91,(anonymous_7)
FN:92,(anonymous_8)
FN:101,(anonymous_9)
FN:101,(anonymous_10)
FN:107,(anonymous_11)
FN:113,(anonymous_12)
FN:114,(anonymous_13)
FN:120,(anonymous_14)
FNF:15
FNH:13
FNDA:15,(anonymous_0)
FNDA:27,(anonymous_1)
FNDA:12,(anonymous_2)
FNDA:7,(anonymous_3)
FNDA:8,(anonymous_4)
FNDA:1,(anonymous_5)
FNDA:1,(anonymous_6)
FNDA:6,(anonymous_7)
FNDA:0,(anonymous_8)
FNDA:1,(anonymous_9)
FNDA:1,(anonymous_10)
FNDA:1,(anonymous_11)
FNDA:24,(anonymous_12)
FNDA:18,(anonymous_13)
FNDA:0,(anonymous_14)
DA:24,2
DA:25,15
DA:26,15
DA:27,15
DA:28,15
DA:29,15
DA:30,15
DA:31,15
DA:32,27
DA:34,15
DA:41,15
DA:42,12
DA:43,0
DA:47,15
DA:48,7
DA:51,15
DA:52,8
DA:53,6
DA:62,15
DA:63,1
DA:69,1
DA:71,0
DA:72,0
DA:75,15
DA:90,1
DA:91,6
DA:93,0
DA:94,0
DA:95,0
DA:101,1
DA:108,1
DA:109,1
DA:110,1
DA:113,24
DA:115,18
DA:121,0
DA:122,0
DA:154,2
LF:38
LH:30
BRDA:42,0,0,0
BRDA:42,0,1,12
BRDA:42,1,0,12
BRDA:42,1,1,0
BRDA:52,2,0,6
BRDA:52,2,1,2
BRDA:52,3,0,8
BRDA:52,3,1,8
BRDA:56,4,0,6
BRDA:56,4,1,0
BRDA:63,5,0,1
BRDA:63,5,1,0
BRDA:64,6,0,1
BRDA:64,6,1,1
BRDA:64,6,2,1
BRDA:64,6,3,0
BRDA:80,7,0,15
BRDA:80,7,1,1
BRDA:88,8,0,14
BRDA:88,8,1,1
BRDA:99,9,0,14
BRDA:99,9,1,1
BRDA:128,10,0,12
BRDA:128,10,1,6
BRDA:128,11,0,18
BRDA:128,11,1,12
BRDA:131,12,0,12
BRDA:131,12,1,6
BRF:28
BRH:23
end_of_record
