{"/Users/junwong/Documents/Developer/MovieProject/App.tsx": {"path":"/Users/junwong/Documents/Developer/MovieProject/App.tsx","statementMap":{"0":{"start":{"line":14,"column":14},"end":{"line":14,"column":36}},"1":{"start":{"line":15,"column":31},"end":{"line":20,"column":1}},"2":{"start":{"line":16,"column":2},"end":{"line":19,"column":4}},"3":{"start":{"line":22,"column":12},"end":{"line":34,"column":1}},"4":{"start":{"line":23,"column":2},"end":{"line":33,"column":4}}},"fnMap":{"0":{"name":"(anonymous_0)","decl":{"start":{"line":15,"column":31},"end":{"line":15,"column":32}},"loc":{"start":{"line":15,"column":37},"end":{"line":20,"column":1}},"line":15},"1":{"name":"(anonymous_1)","decl":{"start":{"line":22,"column":12},"end":{"line":22,"column":13}},"loc":{"start":{"line":22,"column":18},"end":{"line":34,"column":1}},"line":22}},"branchMap":{"0":{"loc":{"start":{"line":18,"column":6},"end":{"line":18,"column":66}},"type":"cond-expr","locations":[{"start":{"line":18,"column":36},"end":{"line":18,"column":49}},{"start":{"line":18,"column":52},"end":{"line":18,"column":66}}],"line":18}},"s":{"0":2,"1":2,"2":21,"3":2,"4":0},"f":{"0":21,"1":0},"b":{"0":[0,21]},"_coverageSchema":"1a1c01bbd47fc00a2c39e90264f33305004495a9","hash":"b3ea7e31ba1d7d192558ea2bfeac01bf658ccf83"}
,"/Users/junwong/Documents/Developer/MovieProject/src/constant.tsx": {"path":"/Users/junwong/Documents/Developer/MovieProject/src/constant.tsx","statementMap":{"0":{"start":{"line":3,"column":27},"end":{"line":3,"column":57}},"1":{"start":{"line":4,"column":28},"end":{"line":4,"column":59}},"2":{"start":{"line":24,"column":29},"end":{"line":28,"column":1}}},"fnMap":{},"branchMap":{},"s":{"0":4,"1":4,"2":4},"f":{},"b":{},"_coverageSchema":"1a1c01bbd47fc00a2c39e90264f33305004495a9","hash":"aeea737f0a45430ea5bcabb60b10ad062feebe30"}
,"/Users/junwong/Documents/Developer/MovieProject/src/store.tsx": {"path":"/Users/junwong/Documents/Developer/MovieProject/src/store.tsx","statementMap":{"0":{"start":{"line":6,"column":23},"end":{"line":6,"column":45}},"1":{"start":{"line":7,"column":20},"end":{"line":7,"column":36}},"2":{"start":{"line":9,"column":21},"end":{"line":12,"column":1}},"3":{"start":{"line":14,"column":0},"end":{"line":14,"column":29}}},"fnMap":{},"branchMap":{},"s":{"0":3,"1":3,"2":3,"3":3},"f":{},"b":{},"_coverageSchema":"1a1c01bbd47fc00a2c39e90264f33305004495a9","hash":"85d2c7a02095451b305e85a25f779cb96284237e"}
,"/Users/junwong/Documents/Developer/MovieProject/src/reducer/index.reducer.tsx": {"path":"/Users/junwong/Documents/Developer/MovieProject/src/reducer/index.reducer.tsx","statementMap":{"0":{"start":{"line":4,"column":32},"end":{"line":6,"column":2}}},"fnMap":{},"branchMap":{},"s":{"0":3},"f":{},"b":{},"_coverageSchema":"1a1c01bbd47fc00a2c39e90264f33305004495a9","hash":"2515328af11e7f6aaf8813e5f0a15e9e15e510d0"}
,"/Users/junwong/Documents/Developer/MovieProject/src/reducer/movie.reducer.tsx": {"path":"/Users/junwong/Documents/Developer/MovieProject/src/reducer/movie.reducer.tsx","statementMap":{"0":{"start":{"line":10,"column":33},"end":{"line":13,"column":1}},"1":{"start":{"line":15,"column":26},"end":{"line":26,"column":2}},"2":{"start":{"line":20,"column":6},"end":{"line":20,"column":39}},"3":{"start":{"line":23,"column":6},"end":{"line":23,"column":41}},"4":{"start":{"line":28,"column":48},"end":{"line":28,"column":66}}},"fnMap":{"0":{"name":"(anonymous_0)","decl":{"start":{"line":19,"column":18},"end":{"line":19,"column":19}},"loc":{"start":{"line":19,"column":73},"end":{"line":21,"column":5}},"line":19},"1":{"name":"(anonymous_1)","decl":{"start":{"line":22,"column":20},"end":{"line":22,"column":21}},"loc":{"start":{"line":22,"column":77},"end":{"line":24,"column":5}},"line":22}},"branchMap":{},"s":{"0":4,"1":4,"2":18,"3":7,"4":4},"f":{"0":18,"1":7},"b":{},"_coverageSchema":"1a1c01bbd47fc00a2c39e90264f33305004495a9","hash":"154266b0f1aed420efa710c4303ede1833c19eeb"}
,"/Users/junwong/Documents/Developer/MovieProject/src/saga/index.saga.tsx": {"path":"/Users/junwong/Documents/Developer/MovieProject/src/saga/index.saga.tsx","statementMap":{"0":{"start":{"line":5,"column":2},"end":{"line":5,"column":27}}},"fnMap":{"0":{"name":"rootSaga","decl":{"start":{"line":4,"column":10},"end":{"line":4,"column":18}},"loc":{"start":{"line":4,"column":21},"end":{"line":6,"column":1}},"line":4}},"branchMap":{},"s":{"0":3},"f":{"0":3},"b":{},"_coverageSchema":"1a1c01bbd47fc00a2c39e90264f33305004495a9","hash":"86dfe41d6a1b0014555168126c0dd15367cb9c3c"}
,"/Users/junwong/Documents/Developer/MovieProject/src/saga/movie.saga.tsx": {"path":"/Users/junwong/Documents/Developer/MovieProject/src/saga/movie.saga.tsx","statementMap":{"0":{"start":{"line":11,"column":40},"end":{"line":11,"column":54}},"1":{"start":{"line":13,"column":2},"end":{"line":48,"column":3}},"2":{"start":{"line":14,"column":4},"end":{"line":16,"column":5}},"3":{"start":{"line":15,"column":6},"end":{"line":15,"column":36}},"4":{"start":{"line":18,"column":36},"end":{"line":20,"column":5}},"5":{"start":{"line":19,"column":17},"end":{"line":19,"column":38}},"6":{"start":{"line":22,"column":4},"end":{"line":22,"column":79}},"7":{"start":{"line":24,"column":21},"end":{"line":33,"column":6}},"8":{"start":{"line":25,"column":6},"end":{"line":32,"column":9}},"9":{"start":{"line":34,"column":4},"end":{"line":42,"column":6}},"10":{"start":{"line":44,"column":36},"end":{"line":46,"column":5}},"11":{"start":{"line":45,"column":17},"end":{"line":45,"column":38}},"12":{"start":{"line":47,"column":4},"end":{"line":47,"column":79}},"13":{"start":{"line":52,"column":2},"end":{"line":66,"column":3}},"14":{"start":{"line":53,"column":21},"end":{"line":62,"column":6}},"15":{"start":{"line":54,"column":6},"end":{"line":61,"column":8}},"16":{"start":{"line":63,"column":4},"end":{"line":63,"column":36}},"17":{"start":{"line":70,"column":2},"end":{"line":70,"column":57}},"18":{"start":{"line":71,"column":2},"end":{"line":71,"column":61}},"19":{"start":{"line":74,"column":39},"end":{"line":78,"column":24}},"20":{"start":{"line":80,"column":41},"end":{"line":82,"column":26}}},"fnMap":{"0":{"name":"getMovieList","decl":{"start":{"line":8,"column":17},"end":{"line":8,"column":29}},"loc":{"start":{"line":10,"column":2},"end":{"line":49,"column":1}},"line":10},"1":{"name":"(anonymous_1)","decl":{"start":{"line":19,"column":6},"end":{"line":19,"column":7}},"loc":{"start":{"line":19,"column":17},"end":{"line":19,"column":38}},"line":19},"2":{"name":"(anonymous_2)","decl":{"start":{"line":24,"column":32},"end":{"line":24,"column":33}},"loc":{"start":{"line":24,"column":38},"end":{"line":33,"column":5}},"line":24},"3":{"name":"(anonymous_3)","decl":{"start":{"line":45,"column":6},"end":{"line":45,"column":7}},"loc":{"start":{"line":45,"column":17},"end":{"line":45,"column":38}},"line":45},"4":{"name":"getMovieDetail","decl":{"start":{"line":51,"column":17},"end":{"line":51,"column":31}},"loc":{"start":{"line":51,"column":77},"end":{"line":67,"column":1}},"line":51},"5":{"name":"(anonymous_5)","decl":{"start":{"line":53,"column":32},"end":{"line":53,"column":33}},"loc":{"start":{"line":53,"column":38},"end":{"line":62,"column":5}},"line":53},"6":{"name":"MovieSaga","decl":{"start":{"line":69,"column":17},"end":{"line":69,"column":26}},"loc":{"start":{"line":69,"column":29},"end":{"line":72,"column":1}},"line":69}},"branchMap":{"0":{"loc":{"start":{"line":14,"column":4},"end":{"line":16,"column":5}},"type":"if","locations":[{"start":{"line":14,"column":4},"end":{"line":16,"column":5}},{"start":{},"end":{}}],"line":14},"1":{"loc":{"start":{"line":38,"column":17},"end":{"line":40,"column":24}},"type":"cond-expr","locations":[{"start":{"line":39,"column":12},"end":{"line":39,"column":52}},{"start":{"line":40,"column":12},"end":{"line":40,"column":24}}],"line":38}},"s":{"0":6,"1":6,"2":6,"3":6,"4":6,"5":6,"6":6,"7":6,"8":6,"9":0,"10":0,"11":0,"12":0,"13":1,"14":1,"15":1,"16":1,"17":3,"18":3,"19":4,"20":4},"f":{"0":6,"1":6,"2":6,"3":0,"4":1,"5":1,"6":3},"b":{"0":[6,0],"1":[0,0]},"_coverageSchema":"1a1c01bbd47fc00a2c39e90264f33305004495a9","hash":"fa3ab4d80ac02fd3ffa4366c96347d8f223f803f"}
,"/Users/junwong/Documents/Developer/MovieProject/src/screen/Book.tsx": {"path":"/Users/junwong/Documents/Developer/MovieProject/src/screen/Book.tsx","statementMap":{"0":{"start":{"line":5,"column":13},"end":{"line":20,"column":1}},"1":{"start":{"line":6,"column":2},"end":{"line":19,"column":4}},"2":{"start":{"line":21,"column":15},"end":{"line":35,"column":2}}},"fnMap":{"0":{"name":"(anonymous_0)","decl":{"start":{"line":5,"column":13},"end":{"line":5,"column":14}},"loc":{"start":{"line":5,"column":19},"end":{"line":20,"column":1}},"line":5}},"branchMap":{},"s":{"0":3,"1":1,"2":3},"f":{"0":1},"b":{},"_coverageSchema":"1a1c01bbd47fc00a2c39e90264f33305004495a9","hash":"23f56ce10817dbab47a1c7df5d0718e632a03524"}
,"/Users/junwong/Documents/Developer/MovieProject/src/screen/Detail.tsx": {"path":"/Users/junwong/Documents/Developer/MovieProject/src/screen/Detail.tsx","statementMap":{"0":{"start":{"line":17,"column":15},"end":{"line":68,"column":1}},"1":{"start":{"line":18,"column":21},"end":{"line":18,"column":62}},"2":{"start":{"line":20,"column":22},"end":{"line":20,"column":74}},"3":{"start":{"line":20,"column":50},"end":{"line":20,"column":73}},"4":{"start":{"line":22,"column":17},"end":{"line":25,"column":3}},"5":{"start":{"line":27,"column":2},"end":{"line":67,"column":4}},"6":{"start":{"line":50,"column":12},"end":{"line":53,"column":19}},"7":{"start":{"line":61,"column":12},"end":{"line":61,"column":49}},"8":{"start":{"line":69,"column":15},"end":{"line":80,"column":2}}},"fnMap":{"0":{"name":"(anonymous_0)","decl":{"start":{"line":17,"column":15},"end":{"line":17,"column":16}},"loc":{"start":{"line":17,"column":21},"end":{"line":68,"column":1}},"line":17},"1":{"name":"(anonymous_1)","decl":{"start":{"line":20,"column":34},"end":{"line":20,"column":35}},"loc":{"start":{"line":20,"column":50},"end":{"line":20,"column":73}},"line":20},"2":{"name":"(anonymous_2)","decl":{"start":{"line":49,"column":35},"end":{"line":49,"column":36}},"loc":{"start":{"line":50,"column":12},"end":{"line":53,"column":19}},"line":50},"3":{"name":"(anonymous_3)","decl":{"start":{"line":60,"column":19},"end":{"line":60,"column":20}},"loc":{"start":{"line":60,"column":25},"end":{"line":62,"column":11}},"line":60}},"branchMap":{"0":{"loc":{"start":{"line":37,"column":14},"end":{"line":42,"column":35}},"type":"cond-expr","locations":[{"start":{"line":38,"column":18},"end":{"line":41,"column":19}},{"start":{"line":42,"column":18},"end":{"line":42,"column":35}}],"line":37},"1":{"loc":{"start":{"line":37,"column":14},"end":{"line":37,"column":68}},"type":"binary-expr","locations":[{"start":{"line":37,"column":14},"end":{"line":37,"column":38}},{"start":{"line":37,"column":42},"end":{"line":37,"column":68}}],"line":37},"2":{"loc":{"start":{"line":40,"column":20},"end":{"line":40,"column":74}},"type":"binary-expr","locations":[{"start":{"line":40,"column":20},"end":{"line":40,"column":44}},{"start":{"line":40,"column":48},"end":{"line":40,"column":74}}],"line":40}},"s":{"0":2,"1":6,"2":6,"3":12,"4":6,"5":6,"6":24,"7":1,"8":2},"f":{"0":6,"1":12,"2":24,"3":1},"b":{"0":[5,1],"1":[6,2],"2":[5,1]},"_coverageSchema":"1a1c01bbd47fc00a2c39e90264f33305004495a9","hash":"7500b901614dee9dc1904438d1242afc0d5d21b7"}
,"/Users/junwong/Documents/Developer/MovieProject/src/screen/Home.tsx": {"path":"/Users/junwong/Documents/Developer/MovieProject/src/screen/Home.tsx","statementMap":{"0":{"start":{"line":24,"column":13},"end":{"line":153,"column":1}},"1":{"start":{"line":25,"column":21},"end":{"line":25,"column":62}},"2":{"start":{"line":26,"column":19},"end":{"line":26,"column":32}},"3":{"start":{"line":27,"column":17},"end":{"line":27,"column":26}},"4":{"start":{"line":28,"column":32},"end":{"line":28,"column":47}},"5":{"start":{"line":29,"column":34},"end":{"line":29,"column":63}},"6":{"start":{"line":30,"column":38},"end":{"line":30,"column":53}},"7":{"start":{"line":31,"column":40},"end":{"line":31,"column":54}},"8":{"start":{"line":32,"column":20},"end":{"line":32,"column":70}},"9":{"start":{"line":32,"column":48},"end":{"line":32,"column":69}},"10":{"start":{"line":34,"column":17},"end":{"line":39,"column":3}},"11":{"start":{"line":41,"column":2},"end":{"line":45,"column":18}},"12":{"start":{"line":42,"column":4},"end":{"line":44,"column":5}},"13":{"start":{"line":43,"column":6},"end":{"line":43,"column":27}},"14":{"start":{"line":47,"column":2},"end":{"line":49,"column":30}},"15":{"start":{"line":48,"column":4},"end":{"line":48,"column":17}},"16":{"start":{"line":51,"column":21},"end":{"line":61,"column":3}},"17":{"start":{"line":52,"column":4},"end":{"line":60,"column":5}},"18":{"start":{"line":53,"column":6},"end":{"line":59,"column":8}},"19":{"start":{"line":62,"column":23},"end":{"line":73,"column":3}},"20":{"start":{"line":63,"column":4},"end":{"line":70,"column":5}},"21":{"start":{"line":69,"column":6},"end":{"line":69,"column":13}},"22":{"start":{"line":71,"column":4},"end":{"line":71,"column":24}},"23":{"start":{"line":72,"column":4},"end":{"line":72,"column":17}},"24":{"start":{"line":75,"column":2},"end":{"line":152,"column":4}},"25":{"start":{"line":90,"column":25},"end":{"line":90,"column":41}},"26":{"start":{"line":91,"column":24},"end":{"line":91,"column":41}},"27":{"start":{"line":93,"column":12},"end":{"line":93,"column":31}},"28":{"start":{"line":94,"column":12},"end":{"line":94,"column":33}},"29":{"start":{"line":95,"column":12},"end":{"line":95,"column":30}},"30":{"start":{"line":101,"column":25},"end":{"line":101,"column":50}},"31":{"start":{"line":101,"column":47},"end":{"line":101,"column":49}},"32":{"start":{"line":108,"column":10},"end":{"line":108,"column":30}},"33":{"start":{"line":109,"column":10},"end":{"line":109,"column":29}},"34":{"start":{"line":110,"column":10},"end":{"line":110,"column":23}},"35":{"start":{"line":113,"column":39},"end":{"line":113,"column":60}},"36":{"start":{"line":115,"column":10},"end":{"line":146,"column":12}},"37":{"start":{"line":121,"column":16},"end":{"line":121,"column":70}},"38":{"start":{"line":122,"column":16},"end":{"line":122,"column":55}},"39":{"start":{"line":154,"column":15},"end":{"line":194,"column":2}}},"fnMap":{"0":{"name":"(anonymous_0)","decl":{"start":{"line":24,"column":13},"end":{"line":24,"column":14}},"loc":{"start":{"line":24,"column":19},"end":{"line":153,"column":1}},"line":24},"1":{"name":"(anonymous_1)","decl":{"start":{"line":32,"column":32},"end":{"line":32,"column":33}},"loc":{"start":{"line":32,"column":48},"end":{"line":32,"column":69}},"line":32},"2":{"name":"(anonymous_2)","decl":{"start":{"line":41,"column":12},"end":{"line":41,"column":13}},"loc":{"start":{"line":41,"column":18},"end":{"line":45,"column":3}},"line":41},"3":{"name":"(anonymous_3)","decl":{"start":{"line":47,"column":12},"end":{"line":47,"column":13}},"loc":{"start":{"line":47,"column":18},"end":{"line":49,"column":3}},"line":47},"4":{"name":"(anonymous_4)","decl":{"start":{"line":51,"column":21},"end":{"line":51,"column":22}},"loc":{"start":{"line":51,"column":27},"end":{"line":61,"column":3}},"line":51},"5":{"name":"(anonymous_5)","decl":{"start":{"line":62,"column":23},"end":{"line":62,"column":24}},"loc":{"start":{"line":62,"column":29},"end":{"line":73,"column":3}},"line":62},"6":{"name":"(anonymous_6)","decl":{"start":{"line":90,"column":19},"end":{"line":90,"column":20}},"loc":{"start":{"line":90,"column":25},"end":{"line":90,"column":41}},"line":90},"7":{"name":"(anonymous_7)","decl":{"start":{"line":91,"column":18},"end":{"line":91,"column":19}},"loc":{"start":{"line":91,"column":24},"end":{"line":91,"column":41}},"line":91},"8":{"name":"(anonymous_8)","decl":{"start":{"line":92,"column":20},"end":{"line":92,"column":21}},"loc":{"start":{"line":92,"column":30},"end":{"line":96,"column":11}},"line":92},"9":{"name":"(anonymous_9)","decl":{"start":{"line":101,"column":19},"end":{"line":101,"column":20}},"loc":{"start":{"line":101,"column":25},"end":{"line":101,"column":50}},"line":101},"10":{"name":"(anonymous_10)","decl":{"start":{"line":101,"column":40},"end":{"line":101,"column":41}},"loc":{"start":{"line":101,"column":47},"end":{"line":101,"column":49}},"line":101},"11":{"name":"(anonymous_11)","decl":{"start":{"line":107,"column":19},"end":{"line":107,"column":20}},"loc":{"start":{"line":107,"column":25},"end":{"line":111,"column":9}},"line":107},"12":{"name":"(anonymous_12)","decl":{"start":{"line":113,"column":22},"end":{"line":113,"column":23}},"loc":{"start":{"line":113,"column":39},"end":{"line":113,"column":60}},"line":113},"13":{"name":"(anonymous_13)","decl":{"start":{"line":114,"column":20},"end":{"line":114,"column":21}},"loc":{"start":{"line":114,"column":41},"end":{"line":147,"column":9}},"line":114},"14":{"name":"(anonymous_14)","decl":{"start":{"line":120,"column":23},"end":{"line":120,"column":24}},"loc":{"start":{"line":120,"column":29},"end":{"line":123,"column":15}},"line":120}},"branchMap":{"0":{"loc":{"start":{"line":42,"column":4},"end":{"line":44,"column":5}},"type":"if","locations":[{"start":{"line":42,"column":4},"end":{"line":44,"column":5}},{"start":{},"end":{}}],"line":42},"1":{"loc":{"start":{"line":42,"column":8},"end":{"line":42,"column":43}},"type":"binary-expr","locations":[{"start":{"line":42,"column":8},"end":{"line":42,"column":18}},{"start":{"line":42,"column":22},"end":{"line":42,"column":43}}],"line":42},"2":{"loc":{"start":{"line":52,"column":4},"end":{"line":60,"column":5}},"type":"if","locations":[{"start":{"line":52,"column":4},"end":{"line":60,"column":5}},{"start":{},"end":{}}],"line":52},"3":{"loc":{"start":{"line":52,"column":8},"end":{"line":52,"column":60}},"type":"binary-expr","locations":[{"start":{"line":52,"column":8},"end":{"line":52,"column":18}},{"start":{"line":52,"column":22},"end":{"line":52,"column":60}}],"line":52},"4":{"loc":{"start":{"line":56,"column":33},"end":{"line":56,"column":61}},"type":"cond-expr","locations":[{"start":{"line":56,"column":47},"end":{"line":56,"column":52}},{"start":{"line":56,"column":55},"end":{"line":56,"column":61}}],"line":56},"5":{"loc":{"start":{"line":63,"column":4},"end":{"line":70,"column":5}},"type":"if","locations":[{"start":{"line":63,"column":4},"end":{"line":70,"column":5}},{"start":{},"end":{}}],"line":63},"6":{"loc":{"start":{"line":64,"column":6},"end":{"line":67,"column":46}},"type":"binary-expr","locations":[{"start":{"line":64,"column":6},"end":{"line":64,"column":16}},{"start":{"line":65,"column":6},"end":{"line":65,"column":23}},{"start":{"line":66,"column":6},"end":{"line":66,"column":25}},{"start":{"line":67,"column":6},"end":{"line":67,"column":46}}],"line":64},"7":{"loc":{"start":{"line":80,"column":35},"end":{"line":80,"column":69}},"type":"binary-expr","locations":[{"start":{"line":80,"column":35},"end":{"line":80,"column":42}},{"start":{"line":80,"column":46},"end":{"line":80,"column":69}}],"line":80},"8":{"loc":{"start":{"line":88,"column":23},"end":{"line":88,"column":53}},"type":"cond-expr","locations":[{"start":{"line":88,"column":34},"end":{"line":88,"column":45}},{"start":{"line":88,"column":48},"end":{"line":88,"column":53}}],"line":88},"9":{"loc":{"start":{"line":99,"column":17},"end":{"line":99,"column":44}},"type":"cond-expr","locations":[{"start":{"line":99,"column":31},"end":{"line":99,"column":36}},{"start":{"line":99,"column":39},"end":{"line":99,"column":44}}],"line":99},"10":{"loc":{"start":{"line":128,"column":20},"end":{"line":133,"column":41}},"type":"cond-expr","locations":[{"start":{"line":129,"column":24},"end":{"line":132,"column":25}},{"start":{"line":133,"column":24},"end":{"line":133,"column":41}}],"line":128},"11":{"loc":{"start":{"line":128,"column":20},"end":{"line":128,"column":60}},"type":"binary-expr","locations":[{"start":{"line":128,"column":20},"end":{"line":128,"column":37}},{"start":{"line":128,"column":41},"end":{"line":128,"column":60}}],"line":128},"12":{"loc":{"start":{"line":131,"column":26},"end":{"line":131,"column":66}},"type":"binary-expr","locations":[{"start":{"line":131,"column":26},"end":{"line":131,"column":43}},{"start":{"line":131,"column":47},"end":{"line":131,"column":66}}],"line":131}},"s":{"0":2,"1":15,"2":15,"3":15,"4":15,"5":15,"6":15,"7":15,"8":15,"9":27,"10":15,"11":15,"12":12,"13":0,"14":15,"15":7,"16":15,"17":8,"18":6,"19":15,"20":1,"21":1,"22":0,"23":0,"24":15,"25":1,"26":6,"27":0,"28":0,"29":0,"30":1,"31":1,"32":1,"33":1,"34":1,"35":24,"36":18,"37":0,"38":0,"39":2},"f":{"0":15,"1":27,"2":12,"3":7,"4":8,"5":1,"6":1,"7":6,"8":0,"9":1,"10":1,"11":1,"12":24,"13":18,"14":0},"b":{"0":[0,12],"1":[12,0],"2":[6,2],"3":[8,8],"4":[6,0],"5":[1,0],"6":[1,1,1,0],"7":[15,1],"8":[14,1],"9":[14,1],"10":[12,6],"11":[18,12],"12":[12,6]},"_coverageSchema":"1a1c01bbd47fc00a2c39e90264f33305004495a9","hash":"237e105f8b2ec95e3d0384c8cee5c6c76b3f07af"}
}
